1509395537448	geckodriver	INFO	geckodriver 0.19.0
1509395537448	geckodriver	INFO	Listening on 127.0.0.1:64198
1509395539451	mozrunner::runner	INFO	Running command: "C:\\Program Files\\Nightly\\firefox.exe" "-marionette" "-profile" "C:\\Users\\DAJUAN~1\\AppData\\Local\\Temp\\rust_mozprofile.jdhcdlhveO2y"
1509395540075	Marionette	INFO	Enabled via --marionette
1509395541301	Marionette	INFO	Listening on port 64206
1509395541536	Marionette	WARN	TLS certificate errors will be ignored for this session
1509395541617	Marionette	DEBUG	Register listener.js for window 4294967297
1509395541651	Marionette	DEBUG	Received DOM event "beforeunload" for "about:blank"
1509395542029	Marionette	DEBUG	Received DOM event "pagehide" for "about:blank"
1509395542029	Marionette	DEBUG	Received DOM event "unload" for "about:blank"
1509395542688	Marionette	DEBUG	Received DOM event "DOMContentLoaded" for "https://unsplash.com/"
1509395543724	Marionette	DEBUG	Received DOM event "pageshow" for "https://unsplash.com/"
Unable to read VR Path Registry from C:\Users\DaJuan Harris\AppData\Local\openvr\openvrpaths.vrpath
[Child 198252, Chrome_ChildThread] WARNING: pipe error: 109: file z:/build/build/src/ipc/chromium/src/chrome/common/ipc_channel_win.cc, line 346
Unable to read VR Path Registry from C:\Users\DaJuan Harris\AppData\Local\openvr\openvrpaths.vrpath
[Child 197784, Chrome_ChildThread] WARNING: pipe error: 109: file z:/build/build/src/ipc/chromium/src/chrome/common/ipc_channel_win.cc, line 346
[Child 197784, Chrome_ChildThread] WARNING: pipe error: 109: file z:/build/build/src/ipc/chromium/src/chrome/common/ipc_channel_win.cc, line 346

###!!! [Child][MessageChannel::SendAndWait] Error: Channel error: cannot send/recv

Unable to read VR Path Registry from C:\Users\DaJuan Harris\AppData\Local\openvr\openvrpaths.vrpath
1509395619714	geckodriver	INFO	geckodriver 0.19.0
1509395619714	geckodriver	INFO	Listening on 127.0.0.1:64342
1509395621763	mozrunner::runner	INFO	Running command: "C:\\Program Files\\Nightly\\firefox.exe" "-marionette" "-profile" "C:\\Users\\DAJUAN~1\\AppData\\Local\\Temp\\rust_mozprofile.VPoM8yVYLqzt"
1509395622409	Marionette	INFO	Enabled via --marionette
1509395623959	Marionette	INFO	Listening on port 64350
1509395624906	Marionette	WARN	TLS certificate errors will be ignored for this session
1509395624964	Marionette	DEBUG	Register listener.js for window 4294967297
1509395624990	Marionette	DEBUG	Received DOM event "beforeunload" for "about:blank"
1509395625218	Marionette	DEBUG	Received DOM event "pagehide" for "about:blank"
1509395625219	Marionette	DEBUG	Received DOM event "unload" for "about:blank"
1509395625981	Marionette	DEBUG	Received DOM event "DOMContentLoaded" for "https://unsplash.com/"
1509395627347	Marionette	DEBUG	Received DOM event "pageshow" for "https://unsplash.com/"
Unable to read VR Path Registry from C:\Users\DaJuan Harris\AppData\Local\openvr\openvrpaths.vrpath
[Parent 201180, Gecko_IOThread] WARNING: pipe error: 109: file z:/build/build/src/ipc/chromium/src/chrome/common/ipc_channel_win.cc, line 346
[Parent 201180, Gecko_IOThread] WARNING: pipe error: 109: file z:/build/build/src/ipc/chromium/src/chrome/common/ipc_channel_win.cc, line 346
Unable to read VR Path Registry from C:\Users\DaJuan Harris\AppData\Local\openvr\openvrpaths.vrpath
[Child 198024, Chrome_ChildThread] WARNING: pipe error: 109: file z:/build/build/src/ipc/chromium/src/chrome/common/ipc_channel_win.cc, line 346

###!!! [Child][MessageChannel::SendAndWait] Error: Channel error: cannot send/recv

1509395813945	geckodriver	INFO	geckodriver 0.19.0
1509395813961	geckodriver	INFO	Listening on 127.0.0.1:64703
1509395815978	mozrunner::runner	INFO	Running command: "C:\\Program Files\\Nightly\\firefox.exe" "-marionette" "-profile" "C:\\Users\\DAJUAN~1\\AppData\\Local\\Temp\\rust_mozprofile.f3KwVaaNfd8t"
1509395816428	Marionette	INFO	Enabled via --marionette
1509395818070	Marionette	INFO	Listening on port 64711
1509395819121	Marionette	WARN	TLS certificate errors will be ignored for this session
1509395819176	Marionette	DEBUG	Register listener.js for window 4294967297
1509395819191	Marionette	DEBUG	Received DOM event "beforeunload" for "about:blank"
1509395819392	Marionette	DEBUG	Received DOM event "pagehide" for "about:blank"
1509395819393	Marionette	DEBUG	Received DOM event "unload" for "about:blank"
1509395820126	Marionette	DEBUG	Received DOM event "DOMContentLoaded" for "https://unsplash.com/"
1509395820943	Marionette	DEBUG	Received DOM event "pageshow" for "https://unsplash.com/"
Unable to read VR Path Registry from C:\Users\DaJuan Harris\AppData\Local\openvr\openvrpaths.vrpath
[Parent 200152, Gecko_IOThread] WARNING: pipe error: 109: file z:/build/build/src/ipc/chromium/src/chrome/common/ipc_channel_win.cc, line 346
Unable to read VR Path Registry from C:\Users\DaJuan Harris\AppData\Local\openvr\openvrpaths.vrpath
[Child 201428, Chrome_ChildThread] WARNING: pipe error: 109: file z:/build/build/src/ipc/chromium/src/chrome/common/ipc_channel_win.cc, line 346
[Parent 200152, Gecko_IOThread] WARNING: pipe error: 109: file z:/build/build/src/ipc/chromium/src/chrome/common/ipc_channel_win.cc, line 346
*** UTM:SVC TimerManager:registerTimer called after profile-before-change notification. Ignoring timer registration for id: telemetry_modules_ping

###!!! [Child][MessageChannel::SendAndWait] Error: Channel error: cannot send/recv

1509395906318	geckodriver	INFO	geckodriver 0.19.0
1509395906333	geckodriver	INFO	Listening on 127.0.0.1:64858
1509395908368	mozrunner::runner	INFO	Running command: "C:\\Program Files\\Nightly\\firefox.exe" "-marionette" "-profile" "C:\\Users\\DAJUAN~1\\AppData\\Local\\Temp\\rust_mozprofile.jjXJHblZGa6G"
1509395908940	Marionette	INFO	Enabled via --marionette
1509395910397	Marionette	INFO	Listening on port 64865
1509395911524	Marionette	WARN	TLS certificate errors will be ignored for this session
1509395911581	Marionette	DEBUG	Register listener.js for window 4294967297
1509395911598	Marionette	DEBUG	Received DOM event "beforeunload" for "about:blank"
1509395911919	Marionette	DEBUG	Received DOM event "pagehide" for "about:blank"
1509395911919	Marionette	DEBUG	Received DOM event "unload" for "about:blank"
1509395912903	Marionette	DEBUG	Received DOM event "DOMContentLoaded" for "https://unsplash.com/"
1509395913910	Marionette	DEBUG	Received DOM event "pageshow" for "https://unsplash.com/"
Unable to read VR Path Registry from C:\Users\DaJuan Harris\AppData\Local\openvr\openvrpaths.vrpath
[Parent 180108, Gecko_IOThread] WARNING: pipe error: 109: file z:/build/build/src/ipc/chromium/src/chrome/common/ipc_channel_win.cc, line 346
[Parent 180108, Gecko_IOThread] WARNING: pipe error: 109: file z:/build/build/src/ipc/chromium/src/chrome/common/ipc_channel_win.cc, line 346
Unable to read VR Path Registry from C:\Users\DaJuan Harris\AppData\Local\openvr\openvrpaths.vrpath
[Child 184120, Chrome_ChildThread] WARNING: pipe error: 109: file z:/build/build/src/ipc/chromium/src/chrome/common/ipc_channel_win.cc, line 346
Unable to read VR Path Registry from C:\Users\DaJuan Harris\AppData\Local\openvr\openvrpaths.vrpath
[Child 201460, Chrome_ChildThread] WARNING: pipe error: 109: file z:/build/build/src/ipc/chromium/src/chrome/common/ipc_channel_win.cc, line 346

###!!! [Child][MessageChannel::SendAndWait] Error: Channel error: cannot send/recv

pageshow" for "https://unsplash.com/"
Unable to read VR Path Registry from C:\Users\DaJuan Harris\AppData\Local\openvr\openvrpaths.vrpath
[Parent 198724, Gecko_IOThread] WARNING: pipe error: 109: file z:/build/build/src/ipc/chromium/src/chrome/common/ipc_channel_win.cc, line 346
[Parent 198724, Gecko_IOThread] WARNING: pipe error: 109: file z:/build/build/src/ipc/chromium/src/chrome/common/ipc_channel_win.cc, line 346
[Parent 198724, Gecko_IOThread] WARNING: pipe error: 109: file z:/build/build/src/ipc/chromium/src/chrome/common/ipc_channel_win.cc, line 346

###!!! [Child][MessageChannel::SendAndWait] Error: Channel error: cannot send/recv


1509396988603	Marionette	DEBUG	Register listener.js for window 4294967297
1509396988618	Marionette	DEBUG	Received DOM event "beforeunload" for "about:blank"
1509396988835	Marionette	DEBUG	Received DOM event "pagehide" for "about:blank"
1509396988835	Marionette	DEBUG	Received DOM event "unload" for "about:blank"
1509396989462	Marionette	DEBUG	Received DOM event "DOMContentLoaded" for "https://unsplash.com/"
1509396990504	Marionette	DEBUG	Received DOM event "pageshow" for "https://unsplash.com/"
Unable to read VR Path Registry from C:\Users\DaJuan Harris\AppData\Local\openvr\openvrpaths.vrpath
[Parent 190724, Gecko_IOThread] WARNING: pipe error: 109: file z:/build/build/src/ipc/chromium/src/chrome/common/ipc_channel_win.cc, line 346
[Parent 190724, Gecko_IOThread] WARNING: pipe error: 109: file z:/build/build/src/ipc/chromium/src/chrome/common/ipc_channel_win.cc, line 346
Unable to read VR Path Registry from C:\Users\DaJuan Harris\AppData\Local\openvr\openvrpaths.vrpath
[Child 197024, Chrome_ChildThread] WARNING: pipe error: 109: file z:/build/build/src/ipc/chromium/src/chrome/common/ipc_channel_win.cc, line 346
[Child 197024, Chrome_ChildThread] WARNING: pipe error: 109: file z:/build/build/src/ipc/chromium/src/chrome/common/ipc_channel_win.cc, line 346
Unable to read VR Path Registry from C:\Users\DaJuan Harris\AppData\Local\openvr\openvrpaths.vrpath
[Child 197296, Chrome_ChildThread] WARNING: pipe error: 109: file z:/build/build/src/ipc/chromium/src/chrome/common/ipc_channel_win.cc, line 346
[Child 197296, Chrome_ChildThread] WARNING: pipe error: 109: file z:/build/build/src/ipc/chromium/src/chrome/common/ipc_channel_win.cc, line 346
*** UTM:SVC TimerManager:registerTimer called after profile-before-change notification. Ignoring timer registration for id: telemetry_modules_ping

###!!! [Child][MessageChannel::SendAndWait] Error: Channel error: cannot send/recv

1509397023755	geckodriver	INFO	geckodriver 0.19.0
1509397023755	geckodriver	INFO	Listening on 127.0.0.1:65503
1509397025803	mozrunner::runner	INFO	Running command: "C:\\Program Files\\Nightly\\firefox.exe" "-marionette" "-profile" "C:\\Users\\DAJUAN~1\\AppData\\Local\\Temp\\rust_mozprofile.6Kv88hy4Jsvi"
1509397026433	Marionette	INFO	Enabled via --marionette
1509397027950	Marionette	INFO	Listening on port 65509
1509397028959	Marionette	WARN	TLS certificate errors will be ignored for this session
1509397029022	Marionette	DEBUG	Register listener.js for window 4294967297
1509397029038	Marionette	DEBUG	Received DOM event "beforeunload" for "about:blank"
1509397029343	Marionette	DEBUG	Received DOM event "pagehide" for "about:blank"
1509397029343	Marionette	DEBUG	Received DOM event "unload" for "about:blank"
1509397030160	Marionette	DEBUG	Received DOM event "DOMContentLoaded" for "https://unsplash.com/"
1509397031026	Marionette	DEBUG	Received DOM event "pageshow" for "https://unsplash.com/"
Unable to read VR Path Registry from C:\Users\DaJuan Harris\AppData\Local\openvr\openvrpaths.vrpath
[Parent 202328, Gecko_IOThread] WARNING: pipe error: 109: file z:/build/build/src/ipc/chromium/src/chrome/common/ipc_channel_win.cc, line 346
Unable to read VR Path Registry from C:\Users\DaJuan Harris\AppData\Local\openvr\openvrpaths.vrpath
[Child 201704, Chrome_ChildThread] WARNING: pipe error: 109: file z:/build/build/src/ipc/chromium/src/chrome/common/ipc_channel_win.cc, line 346
[Child 201704, Chrome_ChildThread] WARNING: pipe error: 109: file z:/build/build/src/ipc/chromium/src/chrome/common/ipc_channel_win.cc, line 346
Unable to read VR Path Registry from C:\Users\DaJuan Harris\AppData\Local\openvr\openvrpaths.vrpath
[Child 201268, Chrome_ChildThread] WARNING: pipe error: 109: file z:/build/build/src/ipc/chromium/src/chrome/common/ipc_channel_win.cc, line 346
*** UTM:SVC TimerManager:registerTimer called after profile-before-change notification. Ignoring timer registration for id: telemetry_modules_ping

###!!! [Child][MessageChannel::SendAndWait] Error: Channel error: cannot send/recv

1509397098862	geckodriver	INFO	geckodriver 0.19.0
1509397098862	geckodriver	INFO	Listening on 127.0.0.1:49230
1509397100901	mozrunner::runner	INFO	Running command: "C:\\Program Files\\Nightly\\firefox.exe" "-marionette" "-profile" "C:\\Users\\DAJUAN~1\\AppData\\Local\\Temp\\rust_mozprofile.iOMLfnybitcy"
1509397101334	Marionette	INFO	Enabled via --marionette
1509397102608	Marionette	INFO	Listening on port 49236
1509397102922	Marionette	WARN	TLS certificate errors will be ignored for this session
1509397103002	Marionette	DEBUG	Register listener.js for window 4294967297
1509397103017	Marionette	DEBUG	Received DOM event "beforeunload" for "about:blank"
1509397103261	Marionette	DEBUG	Received DOM event "pagehide" for "about:blank"
1509397103261	Marionette	DEBUG	Received DOM event "unload" for "about:blank"
1509397104241	Marionette	DEBUG	Received DOM event "DOMContentLoaded" for "https://unsplash.com/"
1509397105532	Marionette	DEBUG	Received DOM event "pageshow" for "https://unsplash.com/"
Unable to read VR Path Registry from C:\Users\DaJuan Harris\AppData\Local\openvr\openvrpaths.vrpath
[Parent 198900, Gecko_IOThread] WARNING: pipe error: 109: file z:/build/build/src/ipc/chromium/src/chrome/common/ipc_channel_win.cc, line 346
[Parent 198900, Gecko_IOThread] WARNING: pipe error: 109: file z:/build/build/src/ipc/chromium/src/chrome/common/ipc_channel_win.cc, line 346
Unable to read VR Path Registry from C:\Users\DaJuan Harris\AppData\Local\openvr\openvrpaths.vrpath
[Child 197076, Chrome_ChildThread] WARNING: pipe error: 109: file z:/build/build/src/ipc/chromium/src/chrome/common/ipc_channel_win.cc, line 346
Unable to read VR Path Registry from C:\Users\DaJuan Harris\AppData\Local\openvr\openvrpaths.vrpath
[Child 201432, Chrome_ChildThread] WARNING: pipe error: 109: file z:/build/build/src/ipc/chromium/src/chrome/common/ipc_channel_win.cc, line 346
[Parent 198900, Gecko_IOThread] WARNING: pipe error: 109: file z:/build/build/src/ipc/chromium/src/chrome/common/ipc_channel_win.cc, line 346
*** UTM:SVC TimerManager:registerTimer called after profile-before-change notification. Ignoring timer registration for id: telemetry_modules_ping

###!!! [Child][MessageChannel::SendAndWait] Error: Channel error: cannot send/recv

1509400707095	geckodriver	INFO	geckodriver 0.19.0
1509400707101	geckodriver	INFO	Listening on 127.0.0.1:50516
1509400709153	mozrunner::runner	INFO	Running command: "C:\\Program Files\\Nightly\\firefox.exe" "-marionette" "-profile" "C:\\Users\\DAJUAN~1\\AppData\\Local\\Temp\\rust_mozprofile.NSuy63xbQCvf"
1509400750124	geckodriver	INFO	geckodriver 0.19.0
1509400750131	geckodriver	INFO	Listening on 127.0.0.1:50574
1509400752200	mozrunner::runner	INFO	Running command: "C:\\Program Files\\Nightly\\firefox.exe" "-marionette" "-profile" "C:\\Users\\DAJUAN~1\\AppData\\Local\\Temp\\rust_mozprofile.4l5t4X6KRiJy"
1509400753888	Marionette	INFO	Enabled via --marionette
1509400756452	Marionette	INFO	Listening on port 50582
1509400757594	Marionette	WARN	TLS certificate errors will be ignored for this session
1509400757742	Marionette	DEBUG	Register listener.js for window 4294967297
1509400757775	Marionette	DEBUG	Received DOM event "beforeunload" for "about:blank"
1509400758228	Marionette	DEBUG	Received DOM event "pagehide" for "about:blank"
1509400758229	Marionette	DEBUG	Received DOM event "unload" for "about:blank"
Unable to read VR Path Registry from C:\Users\DaJuan Harris\AppData\Local\openvr\openvrpaths.vrpath
JavaScript error: http://barbarella.deadendthrills.com/wp-content/themes/deadendthrills/js/functions.js?f80c0a, line 6: ReferenceError: jQuery is not defined
1509400762496	Marionette	DEBUG	Received DOM event "DOMContentLoaded" for "http://deadendthrills.com/"
1509400808447	Marionette	DEBUG	Received DOM event "pageshow" for "http://deadendthrills.com/"
Unable to read VR Path Registry from C:\Users\DaJuan Harris\AppData\Local\openvr\openvrpaths.vrpath
[Parent 202964, Gecko_IOThread] WARNING: pipe error: 109: file z:/build/build/src/ipc/chromium/src/chrome/common/ipc_channel_win.cc, line 346
Unable to read VR Path Registry from C:\Users\DaJuan Harris\AppData\Local\openvr\openvrpaths.vrpath
[Child 202836, Chrome_ChildThread] WARNING: pipe error: 109: file z:/build/build/src/ipc/chromium/src/chrome/common/ipc_channel_win.cc, line 346
[Parent 202964, Gecko_IOThread] WARNING: pipe error: 109: file z:/build/build/src/ipc/chromium/src/chrome/common/ipc_channel_win.cc, line 346
[Parent 202964, Gecko_IOThread] WARNING: pipe error: 109: file z:/build/build/src/ipc/chromium/src/chrome/common/ipc_channel_win.cc, line 346

###!!! [Child][MessageChannel::SendAndWait] Error: Channel error: cannot send/recv

1509405038983	geckodriver	INFO	geckodriver 0.19.0
1509405038990	geckodriver	INFO	Listening on 127.0.0.1:52762
1509405041055	mozrunner::runner	INFO	Running command: "C:\\Program Files\\Nightly\\firefox.exe" "-marionette" "-profile" "C:\\Users\\DAJUAN~1\\AppData\\Local\\Temp\\rust_mozprofile.FTszaWePNmnk"
1509405042154	Marionette	INFO	Enabled via --marionette
1509405044797	Marionette	INFO	Listening on port 52768
1509405045182	Marionette	WARN	TLS certificate errors will be ignored for this session
1509405045301	Marionette	DEBUG	Register listener.js for window 4294967297
1509405045327	Marionette	DEBUG	Received DOM event "beforeunload" for "about:blank"
1509405045593	Marionette	DEBUG	Received DOM event "pagehide" for "about:blank"
1509405045593	Marionette	DEBUG	Received DOM event "unload" for "about:blank"
Unable to read VR Path Registry from C:\Users\DaJuan Harris\AppData\Local\openvr\openvrpaths.vrpath
JavaScript error: http://barbarella.deadendthrills.com/wp-content/themes/deadendthrills/js/functions.js?f80c0a, line 6: ReferenceError: jQuery is not defined
1509405047538	Marionette	DEBUG	Received DOM event "DOMContentLoaded" for "http://deadendthrills.com/"
1509405074854	Marionette	DEBUG	Received DOM event "pageshow" for "http://deadendthrills.com/"
[Child 189176, Chrome_ChildThread] WARNING: pipe error: 109: file z:/build/build/src/ipc/chromium/src/chrome/common/ipc_channel_win.cc, line 346

###!!! [Child][MessageChannel::SendAndWait] Error: Channel error: cannot send/recv

Unable to read VR Path Registry from C:\Users\DaJuan Harris\AppData\Local\openvr\openvrpaths.vrpath
